  [1m[35m (353.7ms)[0m  [1m[35mCREATE DATABASE "prnkstr_server_development" ENCODING = 'unicode'[0m
  ↳ /Users/adlanelias/.rvm/rubies/ruby-2.6.2/lib/ruby/gems/2.6.0/gems/rake-12.3.2/lib/rake/task.rb:273
  [1m[35m (260.1ms)[0m  [1m[35mCREATE DATABASE "prnkstr_server_test" ENCODING = 'unicode'[0m
  ↳ /Users/adlanelias/.rvm/rubies/ruby-2.6.2/lib/ruby/gems/2.6.0/gems/rake-12.3.2/lib/rake/task.rb:273
  [1m[35m (13.6ms)[0m  [1m[35mCREATE TABLE "schema_migrations" ("version" character varying NOT NULL PRIMARY KEY)[0m
  ↳ /Users/adlanelias/.rvm/rubies/ruby-2.6.2/lib/ruby/gems/2.6.0/gems/rake-12.3.2/lib/rake/task.rb:273
  [1m[35m (3.7ms)[0m  [1m[35mCREATE TABLE "ar_internal_metadata" ("key" character varying NOT NULL PRIMARY KEY, "value" character varying, "created_at" timestamp NOT NULL, "updated_at" timestamp NOT NULL)[0m
  ↳ /Users/adlanelias/.rvm/rubies/ruby-2.6.2/lib/ruby/gems/2.6.0/gems/rake-12.3.2/lib/rake/task.rb:273
  [1m[35m (0.4ms)[0m  [1m[34mSELECT pg_try_advisory_lock(3086183814086684535)[0m
  ↳ /Users/adlanelias/.rvm/rubies/ruby-2.6.2/lib/ruby/gems/2.6.0/gems/rake-12.3.2/lib/rake/task.rb:273
  [1m[35m (1.0ms)[0m  [1m[34mSELECT "schema_migrations"."version" FROM "schema_migrations" ORDER BY "schema_migrations"."version" ASC[0m
  ↳ /Users/adlanelias/.rvm/rubies/ruby-2.6.2/lib/ruby/gems/2.6.0/gems/rake-12.3.2/lib/rake/task.rb:273
Migrating to CreateMasters (20190513030424)
  [1m[35m (0.3ms)[0m  [1m[35mBEGIN[0m
  ↳ /Users/adlanelias/.rvm/rubies/ruby-2.6.2/lib/ruby/gems/2.6.0/gems/rake-12.3.2/lib/rake/task.rb:273
  [1m[35m (5.6ms)[0m  [1m[35mCREATE TABLE "masters" ("id" bigserial primary key, "name" text, "password_digest" text, "slave_id" integer, "admin" boolean DEFAULT FALSE, "created_at" timestamp NOT NULL, "updated_at" timestamp NOT NULL)[0m
  ↳ db/migrate/20190513030424_create_masters.rb:3
  [1m[36mActiveRecord::SchemaMigration Create (1.4ms)[0m  [1m[32mINSERT INTO "schema_migrations" ("version") VALUES ($1) RETURNING "version"[0m  [["version", "20190513030424"]]
  ↳ /Users/adlanelias/.rvm/rubies/ruby-2.6.2/lib/ruby/gems/2.6.0/gems/rake-12.3.2/lib/rake/task.rb:273
  [1m[35m (0.9ms)[0m  [1m[35mCOMMIT[0m
  ↳ /Users/adlanelias/.rvm/rubies/ruby-2.6.2/lib/ruby/gems/2.6.0/gems/rake-12.3.2/lib/rake/task.rb:273
Migrating to CreateSlaves (20190513030552)
  [1m[35m (1.0ms)[0m  [1m[35mBEGIN[0m
  ↳ /Users/adlanelias/.rvm/rubies/ruby-2.6.2/lib/ruby/gems/2.6.0/gems/rake-12.3.2/lib/rake/task.rb:273
  [1m[35m (5.1ms)[0m  [1m[35mCREATE TABLE "slaves" ("id" bigserial primary key, "name" text, "fill_murray" boolean DEFAULT FALSE, "place_cage" boolean DEFAULT FALSE, "custom_header" text, "created_at" timestamp NOT NULL, "updated_at" timestamp NOT NULL)[0m
  ↳ db/migrate/20190513030552_create_slaves.rb:3
  [1m[36mActiveRecord::SchemaMigration Create (0.6ms)[0m  [1m[32mINSERT INTO "schema_migrations" ("version") VALUES ($1) RETURNING "version"[0m  [["version", "20190513030552"]]
  ↳ /Users/adlanelias/.rvm/rubies/ruby-2.6.2/lib/ruby/gems/2.6.0/gems/rake-12.3.2/lib/rake/task.rb:273
  [1m[35m (10.3ms)[0m  [1m[35mCOMMIT[0m
  ↳ /Users/adlanelias/.rvm/rubies/ruby-2.6.2/lib/ruby/gems/2.6.0/gems/rake-12.3.2/lib/rake/task.rb:273
  [1m[36mActiveRecord::InternalMetadata Load (1.1ms)[0m  [1m[34mSELECT  "ar_internal_metadata".* FROM "ar_internal_metadata" WHERE "ar_internal_metadata"."key" = $1 LIMIT $2[0m  [["key", "environment"], ["LIMIT", 1]]
  ↳ /Users/adlanelias/.rvm/rubies/ruby-2.6.2/lib/ruby/gems/2.6.0/gems/rake-12.3.2/lib/rake/task.rb:273
  [1m[35m (0.2ms)[0m  [1m[35mBEGIN[0m
  ↳ /Users/adlanelias/.rvm/rubies/ruby-2.6.2/lib/ruby/gems/2.6.0/gems/rake-12.3.2/lib/rake/task.rb:273
  [1m[36mActiveRecord::InternalMetadata Create (0.7ms)[0m  [1m[32mINSERT INTO "ar_internal_metadata" ("key", "value", "created_at", "updated_at") VALUES ($1, $2, $3, $4) RETURNING "key"[0m  [["key", "environment"], ["value", "development"], ["created_at", "2019-05-13 03:08:37.092721"], ["updated_at", "2019-05-13 03:08:37.092721"]]
  ↳ /Users/adlanelias/.rvm/rubies/ruby-2.6.2/lib/ruby/gems/2.6.0/gems/rake-12.3.2/lib/rake/task.rb:273
  [1m[35m (0.4ms)[0m  [1m[35mCOMMIT[0m
  ↳ /Users/adlanelias/.rvm/rubies/ruby-2.6.2/lib/ruby/gems/2.6.0/gems/rake-12.3.2/lib/rake/task.rb:273
  [1m[35m (0.3ms)[0m  [1m[34mSELECT pg_advisory_unlock(3086183814086684535)[0m
  ↳ /Users/adlanelias/.rvm/rubies/ruby-2.6.2/lib/ruby/gems/2.6.0/gems/rake-12.3.2/lib/rake/task.rb:273
  [1m[35m (0.6ms)[0m  [1m[34mSELECT "schema_migrations"."version" FROM "schema_migrations" ORDER BY "schema_migrations"."version" ASC[0m
  ↳ /Users/adlanelias/.rvm/rubies/ruby-2.6.2/lib/ruby/gems/2.6.0/gems/rake-12.3.2/lib/rake/task.rb:273
  [1m[35m (0.7ms)[0m  [1m[34mSELECT "schema_migrations"."version" FROM "schema_migrations" ORDER BY "schema_migrations"."version" ASC[0m
  ↳ /Users/adlanelias/.rvm/gems/ruby-2.6.2/bin/annotate:23
Started GET "/" for ::1 at 2019-05-13 13:11:35 +1000
  [1m[35m (2.0ms)[0m  [1m[34mSELECT "schema_migrations"."version" FROM "schema_migrations" ORDER BY "schema_migrations"."version" ASC[0m
  ↳ /Users/adlanelias/.rvm/gems/ruby-2.6.2/gems/activerecord-5.2.3/lib/active_record/log_subscriber.rb:98
Processing by Rails::WelcomeController#index as HTML
  Rendering /Users/adlanelias/.rvm/gems/ruby-2.6.2/gems/railties-5.2.3/lib/rails/templates/rails/welcome/index.html.erb
  Rendered /Users/adlanelias/.rvm/gems/ruby-2.6.2/gems/railties-5.2.3/lib/rails/templates/rails/welcome/index.html.erb (5.7ms)
Completed 200 OK in 45ms (Views: 28.5ms | ActiveRecord: 0.0ms)


Started GET "/masters" for ::1 at 2019-05-13 13:11:39 +1000
Processing by MastersController#index as HTML
  Rendering masters/index.html.erb within layouts/application
  [1m[36mMaster Load (1.0ms)[0m  [1m[34mSELECT "masters".* FROM "masters"[0m
  ↳ app/views/masters/index.html.erb:17
  Rendered masters/index.html.erb within layouts/application (6.7ms)
Completed 200 OK in 676ms (Views: 665.0ms | ActiveRecord: 3.4ms)


Started GET "/slaves" for ::1 at 2019-05-13 13:11:43 +1000
Processing by SlavesController#index as HTML
  Rendering slaves/index.html.erb within layouts/application
  [1m[36mSlave Load (1.6ms)[0m  [1m[34mSELECT "slaves".* FROM "slaves"[0m
  ↳ app/views/slaves/index.html.erb:18
  Rendered slaves/index.html.erb within layouts/application (7.7ms)
Completed 200 OK in 28ms (Views: 18.2ms | ActiveRecord: 4.5ms)


Started GET "/slaves/new" for ::1 at 2019-05-13 13:11:47 +1000
Processing by SlavesController#new as HTML
  Rendering slaves/new.html.erb within layouts/application
  Rendered slaves/_form.html.erb (33.8ms)
  Rendered slaves/new.html.erb within layouts/application (36.7ms)
Completed 200 OK in 64ms (Views: 51.1ms | ActiveRecord: 4.0ms)


Started GET "/slaves" for ::1 at 2019-05-13 13:11:56 +1000
Processing by SlavesController#index as HTML
  Rendering slaves/index.html.erb within layouts/application
  [1m[36mSlave Load (7.9ms)[0m  [1m[34mSELECT "slaves".* FROM "slaves"[0m
  ↳ app/views/slaves/index.html.erb:18
  Rendered slaves/index.html.erb within layouts/application (9.4ms)
Completed 200 OK in 37ms (Views: 27.6ms | ActiveRecord: 7.9ms)


Started GET "/slaves/new" for ::1 at 2019-05-13 13:12:01 +1000
Processing by SlavesController#new as HTML
  Rendering slaves/new.html.erb within layouts/application
  Rendered slaves/_form.html.erb (2.3ms)
  Rendered slaves/new.html.erb within layouts/application (3.6ms)
Completed 200 OK in 20ms (Views: 18.4ms | ActiveRecord: 0.0ms)


Started GET "/slaves" for ::1 at 2019-05-13 13:12:03 +1000
Processing by SlavesController#index as HTML
  Rendering slaves/index.html.erb within layouts/application
  [1m[36mSlave Load (0.3ms)[0m  [1m[34mSELECT "slaves".* FROM "slaves"[0m
  ↳ app/views/slaves/index.html.erb:18
  Rendered slaves/index.html.erb within layouts/application (1.4ms)
Completed 200 OK in 27ms (Views: 25.5ms | ActiveRecord: 0.3ms)


Started GET "/slaves" for ::1 at 2019-05-13 13:12:48 +1000
Processing by SlavesController#index as HTML
  Rendering slaves/index.html.erb within layouts/application
  [1m[36mSlave Load (0.5ms)[0m  [1m[34mSELECT "slaves".* FROM "slaves"[0m
  ↳ app/views/slaves/index.html.erb:18
  Rendered slaves/index.html.erb within layouts/application (2.2ms)
Completed 200 OK in 14ms (Views: 11.7ms | ActiveRecord: 0.5ms)


Started GET "/slaves/new" for ::1 at 2019-05-13 13:12:50 +1000
Processing by SlavesController#new as HTML
  Rendering slaves/new.html.erb within layouts/application
  Rendered slaves/_form.html.erb (3.1ms)
  Rendered slaves/new.html.erb within layouts/application (4.2ms)
Completed 200 OK in 19ms (Views: 17.1ms | ActiveRecord: 0.0ms)


Started GET "/slaves" for ::1 at 2019-05-13 13:12:52 +1000
Processing by SlavesController#index as HTML
  Rendering slaves/index.html.erb within layouts/application
  [1m[36mSlave Load (1.1ms)[0m  [1m[34mSELECT "slaves".* FROM "slaves"[0m
  ↳ app/views/slaves/index.html.erb:18
  Rendered slaves/index.html.erb within layouts/application (2.7ms)
Completed 200 OK in 19ms (Views: 15.3ms | ActiveRecord: 1.1ms)


Started GET "/slaves" for ::1 at 2019-05-13 13:13:23 +1000
Processing by SlavesController#index as HTML
  Rendering slaves/index.html.erb within layouts/application
  [1m[36mSlave Load (0.5ms)[0m  [1m[34mSELECT "slaves".* FROM "slaves"[0m
  ↳ app/views/slaves/index.html.erb:18
  Rendered slaves/index.html.erb within layouts/application (1.9ms)
Completed 200 OK in 19ms (Views: 16.8ms | ActiveRecord: 0.5ms)


Started GET "/slaves/new" for ::1 at 2019-05-13 13:13:25 +1000
Processing by SlavesController#new as HTML
  Rendering slaves/new.html.erb within layouts/application
  Rendered slaves/_form.html.erb (5.8ms)
  Rendered slaves/new.html.erb within layouts/application (7.3ms)
Completed 200 OK in 23ms (Views: 21.7ms | ActiveRecord: 0.0ms)


